服务已启动2019-03-09 11:33:50
/robot.html2019-03-09 11:33:50
服务已启动2019-03-09 11:33:50
/robot.css2019-03-09 11:33:50
服务已启动2019-03-09 11:33:50
/robot.html2019-03-09 11:33:50
服务已启动2019-03-09 11:33:50
/robot.css2019-03-09 11:33:50
服务已启动2019-03-09 11:33:50
/robot.html2019-03-09 11:33:50
服务已启动2019-03-09 11:33:50
/robot.css2019-03-09 11:33:50
服务已启动2019-03-09 11:34:23
/robot.html2019-03-09 11:34:23
读取静态资源2019-03-09 11:34:23
服务已启动2019-03-09 11:34:23
/robot.css2019-03-09 11:34:23
读取静态资源2019-03-09 11:34:23
服务已启动2019-03-09 11:34:23
读取静态资源2019-03-09 11:34:23
/robot.html2019-03-09 11:34:23
服务已启动2019-03-09 11:34:23
/robot.css2019-03-09 11:34:23
读取静态资源2019-03-09 11:34:23
服务已启动2019-03-09 11:34:24
读取静态资源2019-03-09 11:34:24
/robot.html2019-03-09 11:34:24
服务已启动2019-03-09 11:34:24
/robot.css2019-03-09 11:34:24
读取静态资源2019-03-09 11:34:24
服务已启动2019-03-09 11:34:36
/robot.html2019-03-09 11:34:36
读取静态资源2019-03-09 11:34:36
服务已启动2019-03-09 11:34:36
/robot.css2019-03-09 11:34:36
读取静态资源2019-03-09 11:34:36
服务已启动2019-03-09 11:34:44
/robot.html2019-03-09 11:34:44
读取静态资源2019-03-09 11:34:44
服务已启动2019-03-09 11:34:44
/robot.css2019-03-09 11:34:44
读取静态资源2019-03-09 11:34:44
服务已启动2019-03-09 11:35:29
服务已启动2019-03-09 11:35:29
服务已启动2019-03-09 11:35:32
服务已启动2019-03-09 11:35:32
服务已启动2019-03-09 11:35:32
服务已启动2019-03-09 11:35:32
服务已启动2019-03-09 11:35:32
服务已启动2019-03-09 11:35:33
服务已启动2019-03-09 11:35:33
服务已启动2019-03-09 11:35:33
服务已启动2019-03-09 11:35:33
服务已启动2019-03-09 11:35:33
服务已启动2019-03-09 11:35:33
服务已启动2019-03-09 11:35:33
服务已启动2019-03-09 11:35:48
服务已启动2019-03-09 11:35:48
服务已启动2019-03-09 11:35:49
服务已启动2019-03-09 11:35:49
服务已启动2019-03-09 11:35:49
服务已启动2019-03-09 11:35:49
服务已启动2019-03-09 11:35:49
服务已启动2019-03-09 11:35:49
服务已启动2019-03-09 11:35:59
/robot.html2019-03-09 11:35:59
读取静态资源2019-03-09 11:35:59
服务已启动2019-03-09 11:35:59
/robot.css2019-03-09 11:35:59
读取静态资源2019-03-09 11:35:59
服务已启动2019-03-09 11:36:00
/robot.html2019-03-09 11:36:00
读取静态资源2019-03-09 11:36:00
服务已启动2019-03-09 11:36:00
/robot.css2019-03-09 11:36:00
读取静态资源2019-03-09 11:36:00
服务已启动2019-03-09 11:36:00
/robot.html2019-03-09 11:36:00
读取静态资源2019-03-09 11:36:00
服务已启动2019-03-09 11:36:00
/robot.css2019-03-09 11:36:00
读取静态资源2019-03-09 11:36:00
服务已启动2019-03-09 11:41:29
/robot.html2019-03-09 11:41:29
读取静态资源2019-03-09 11:41:29
服务已启动2019-03-09 11:41:29
/robot.css2019-03-09 11:41:29
读取静态资源2019-03-09 11:41:29
服务已启动2019-03-09 11:41:29
读取静态资源2019-03-09 11:41:29
/robot.html2019-03-09 11:41:29
服务已启动2019-03-09 11:41:29
读取静态资源2019-03-09 11:41:29
/robot.css2019-03-09 11:41:29
服务已启动2019-03-09 11:41:38
/api/chat2019-03-09 11:41:38
读取动态资源2019-03-09 11:41:38
服务已启动2019-03-09 11:41:38
/me.jpeg2019-03-09 11:41:38
读取静态资源2019-03-09 11:41:38
服务已启动2019-03-09 11:41:38
/jcy2.jpeg2019-03-09 11:41:38
读取静态资源2019-03-09 11:41:38
服务已启动2019-03-09 11:41:39
/api/chat2019-03-09 11:41:39
读取动态资源2019-03-09 11:41:39
服务已启动2019-03-09 11:41:54
/robot.html2019-03-09 11:41:54
读取静态资源2019-03-09 11:41:54
服务已启动2019-03-09 11:41:54
/robot.css2019-03-09 11:41:54
读取静态资源2019-03-09 11:41:54
